INFO | 2017-10-22 12:44:35,204 |        app | page_not_found | From URL:/js/index.js
INFO | 2017-10-22 12:44:48,905 |        app | page_not_found | From URL:/slsls
INFO | 2017-10-22 12:44:48,989 |        app | page_not_found | From URL:/slsls
INFO | 2017-10-22 12:49:14,374 |        app | page_not_found | From URL:/js/index.js
INFO | 2017-10-22 12:49:14,633 |        app | page_not_found | From URL:/js/index.js
INFO | 2017-10-22 12:50:23,238 |        app | page_not_found | From URL:/js/index.js
INFO | 2017-10-22 12:50:23,760 |        app | page_not_found | From URL:/js/index.js
INFO | 2017-10-22 12:54:21,295 |        app | page_not_found | From URL:/js/index.js
INFO | 2017-10-22 12:54:36,797 |        app | page_not_found | From URL:/js/index.js
INFO | 2017-10-22 12:54:37,233 |        app | page_not_found | From URL:/js/index.js
INFO | 2017-10-22 13:02:45,473 |        app | page_not_found | From URL:/js/index.js
INFO | 2017-10-22 13:06:10,464 |        app | page_not_found | From URL:/js/index.js
INFO | 2017-10-22 13:10:56,360 |        app | page_not_found | From URL:/js/index.js
INFO | 2017-10-22 13:10:56,575 |        app | page_not_found | From URL:/js/index.js
INFO | 2017-10-22 13:21:47,124 |        app | page_not_found | From URL:/js/index.js
INFO | 2017-10-22 13:23:45,546 |        app | page_not_found | From URL:/js/index.js
INFO | 2017-10-22 13:23:45,657 |        app | page_not_found | From URL:/js/index.js
INFO | 2017-10-22 13:30:07,039 |        app | page_not_found | From URL:/js/index.js
INFO | 2017-10-22 13:30:07,498 |        app | page_not_found | From URL:/favicon.ico
INFO | 2017-10-22 13:50:02,037 |        app | page_not_found | From URL:/js/index.js
INFO | 2017-10-22 13:57:42,093 |        app | page_not_found | From URL:/js/index.js
INFO | 2017-10-22 13:57:42,213 |        app | page_not_found | From URL:/js/index.js
INFO | 2017-10-22 14:10:20,154 |        app | page_not_found | From URL:/js/index.js
INFO | 2017-10-22 14:10:21,268 |        app | page_not_found | From URL:/js/index.js
INFO | 2017-10-22 15:18:35,446 |        app | page_not_found | From URL:/js/index.js
INFO | 2017-10-22 15:41:23,356 |        app | page_not_found | From URL:/js/index.js
INFO | 2017-10-22 15:54:28,613 |        app | page_not_found | From URL:/js/index.js
INFO | 2017-10-22 16:08:09,693 |        app | page_not_found | From URL:/js/index.js
INFO | 2017-10-22 16:08:54,804 |        app | page_not_found | From URL:/js/index.js
INFO | 2017-10-22 16:14:35,647 |        app | page_not_found | From URL:/js/index.js
INFO | 2017-10-22 16:14:47,438 |        app | page_not_found | From URL:/js/index.js
INFO | 2017-10-22 16:14:57,825 |        app | page_not_found | From URL:/js/index.js
INFO | 2017-10-22 16:15:07,404 |        app | page_not_found | From URL:/js/index.js
INFO | 2017-10-22 16:20:47,111 |        app | page_not_found | From URL:/js/index.js
INFO | 2017-10-22 16:27:46,183 |        app | page_not_found | From URL:/js/index.js
INFO | 2017-10-22 16:28:20,229 |        app | page_not_found | From URL:/login/assets/img/backgrounds/1.jpg
INFO | 2017-10-22 16:28:47,894 |        app | page_not_found | From URL:/js/index.js
INFO | 2017-10-22 16:28:56,695 |        app | page_not_found | From URL:/login/assets/img/backgrounds/1.jpg
INFO | 2017-10-22 16:29:25,929 |        app | page_not_found | From URL:/js/index.js
INFO | 2017-10-22 16:38:54,292 |        app | page_not_found | From URL:/js/index.js
INFO | 2017-10-22 16:52:50,922 |        app | page_not_found | From URL:/js/index.js
INFO | 2017-10-22 16:58:51,802 |        app | page_not_found | From URL:/js/index.js
INFO | 2017-10-22 16:59:03,912 |        app | page_not_found | From URL:/js/index.js
INFO | 2017-10-22 16:59:22,171 |        app | page_not_found | From URL:/login/assets/img/backgrounds/1.jpg
INFO | 2017-10-22 16:59:27,023 |        app | page_not_found | From URL:/l
INFO | 2017-10-22 16:59:30,993 |        app | page_not_found | From URL:/js/index.js
INFO | 2017-10-22 17:03:03,907 |        app | page_not_found | From URL:/js/index.js
INFO | 2017-10-22 17:17:28,355 |        app | page_not_found | From URL:/login/assets/img/backgrounds/1.jpg
INFO | 2017-10-22 17:34:53,375 |        app | page_not_found | From URL:/login/assets/img/backgrounds/1.jpg
INFO | 2017-10-22 17:42:38,332 |        app | page_not_found | From URL:/login/assets/img/backgrounds/1.jpg
INFO | 2017-10-22 17:56:46,672 |        app | page_not_found | From URL:/login/assets/img/backgrounds/1.jpg
INFO | 2017-10-22 18:10:14,258 |        app | page_not_found | From URL:/login/assets/img/backgrounds/1.jpg
INFO | 2017-10-22 18:12:36,058 |        app | page_not_found | From URL:/login/assets/img/backgrounds/1.jpg
INFO | 2017-10-22 18:47:54,934 |        app | page_not_found | From URL:/static/images/collection/Uranium.png
INFO | 2017-10-22 18:54:20,680 |        app | page_not_found | From URL:/static/images/collection/Insurgence.png
INFO | 2017-10-22 18:54:21,703 |        app | page_not_found | From URL:/static/images/collection/Uranium.png
INFO | 2017-10-22 20:28:34,783 |        app | page_not_found | From URL:/favicon.ico
INFO | 2017-10-22 20:54:27,071 |        app | page_not_found | From URL:/login/assets/img/backgrounds/1.jpg
INFO | 2017-10-23 08:12:12,498 |        app | page_not_found | From URL:/static/images/Clandestine.png
INFO | 2017-10-23 08:12:12,500 |        app | page_not_found | From URL:/static/images/Alchemist.png
INFO | 2017-10-23 08:12:12,501 |        app | page_not_found | From URL:/static/images/Attack On the Space Station.png
INFO | 2017-10-23 08:12:12,503 |        app | page_not_found | From URL:/static/images/Celestite.png
INFO | 2017-10-23 08:12:12,513 |        app | page_not_found | From URL:/static/images/Comet.png
INFO | 2017-10-23 08:12:12,658 |        app | page_not_found | From URL:/static/images/Epitaph.png
INFO | 2017-10-23 08:12:13,023 |        app | page_not_found | From URL:/static/images/Ethereal Gates.png
INFO | 2017-10-23 08:12:13,053 |        app | page_not_found | From URL:/static/images/Fable.png
INFO | 2017-10-23 08:12:13,220 |        app | page_not_found | From URL:/static/images/Infinite Fusion.png
INFO | 2017-10-23 08:12:13,221 |        app | page_not_found | From URL:/static/images/Insurgence.gif
INFO | 2017-10-23 08:12:13,224 |        app | page_not_found | From URL:/static/images/Mint Fantasy.png
INFO | 2017-10-23 08:12:13,226 |        app | page_not_found | From URL:/static/images/Morality.png
INFO | 2017-10-23 08:12:13,819 |        app | page_not_found | From URL:/static/images/Nova.png
INFO | 2017-10-23 08:12:13,823 |        app | page_not_found | From URL:/static/images/Natural Green.png
INFO | 2017-10-23 08:12:14,319 |        app | page_not_found | From URL:/static/images/Phoenix Rising.png
INFO | 2017-10-23 08:12:14,339 |        app | page_not_found | From URL:/static/images/Titan.png
INFO | 2017-10-23 08:12:14,341 |        app | page_not_found | From URL:/static/images/Spectrum.png
INFO | 2017-10-23 08:12:14,342 |        app | page_not_found | From URL:/static/images/Reborn.png
INFO | 2017-10-23 08:12:15,874 |        app | page_not_found | From URL:/static/images/Virion.png
INFO | 2017-10-23 08:12:15,876 |        app | page_not_found | From URL:/static/images/Uranium.jpg
INFO | 2017-10-23 11:03:55,384 |        app | page_not_found | From URL:/login/assets/img/backgrounds/1.jpg
INFO | 2017-10-23 17:16:08,787 |        app | page_not_found | From URL:/yes
INFO | 2017-10-23 17:18:56,481 |        app | page_not_found | From URL:/addpokemon
INFO | 2017-10-23 17:19:16,560 |        app | page_not_found | From URL:/assets/img/backgrounds/1.jpg
INFO | 2017-10-23 17:57:35,830 |        app | page_not_found | From URL:/assets/img/backgrounds/1.jpg
INFO | 2017-10-23 19:43:41,441 |        app | page_not_found | From URL:/login/
INFO | 2017-10-23 19:43:47,530 |        app | page_not_found | From URL:/addpokemon
INFO | 2017-10-23 19:43:52,302 |        app | page_not_found | From URL:/static/images/theme/pokeicon.png
INFO | 2017-10-23 19:43:52,464 |        app | page_not_found | From URL:/assets/img/backgrounds/1.jpg
INFO | 2017-10-23 19:43:58,503 |        app | page_not_found | From URL:/static/images/theme/pokeicon.png
INFO | 2017-10-23 19:43:58,555 |        app | page_not_found | From URL:/assets/img/backgrounds/1.jpg
INFO | 2017-10-23 19:44:01,029 |        app | page_not_found | From URL:/static/images/theme/pokeicon.png
INFO | 2017-10-23 19:44:01,121 |        app | page_not_found | From URL:/assets/img/backgrounds/1.jpg
INFO | 2017-10-23 20:55:07,227 |        app | page_not_found | From URL:/login/
INFO | 2017-10-23 20:55:09,353 |        app | page_not_found | From URL:/addpokemon
INFO | 2017-10-24 02:27:48,302 |        app | page_not_found | From URL:/static/images/theme/pokeicon.png
INFO | 2017-10-24 02:27:48,640 |        app | page_not_found | From URL:/assets/img/backgrounds/1.jpg
INFO | 2017-10-24 02:28:10,974 |        app | page_not_found | From URL:/favicon.ico
INFO | 2017-10-24 02:28:25,289 |        app | page_not_found | From URL:/favicon.ico
INFO | 2017-10-24 02:28:35,244 |        app | page_not_found | From URL:/favicon.ico
INFO | 2017-10-24 08:48:13,271 |        app | page_not_found | From URL:/login/
INFO | 2017-10-24 08:48:18,188 |        app | page_not_found | From URL:/static/images/theme/pokeicon.png
INFO | 2017-10-24 08:48:18,191 |        app | page_not_found | From URL:/assets/img/backgrounds/1.jpg
INFO | 2017-10-24 10:51:23,677 |        app | page_not_found | From URL:/login/
INFO | 2017-10-24 10:51:28,151 |        app | page_not_found | From URL:/static/images/theme/pokeicon.png
INFO | 2017-10-24 10:51:28,273 |        app | page_not_found | From URL:/assets/img/backgrounds/1.jpg
INFO | 2017-10-24 10:51:36,013 |        app | page_not_found | From URL:/assets/img/backgrounds/1.jpg
INFO | 2017-10-24 11:48:58,453 |        app | page_not_found | From URL:/favicon.ico
INFO | 2017-10-24 11:51:03,948 |        app | page_not_found | From URL:/addpokemon
INFO | 2017-10-24 11:51:04,889 |        app | page_not_found | From URL:/favicon.ico
INFO | 2017-10-24 11:53:54,683 |        app | page_not_found | From URL:/static/images/theme/pokeicon.png
INFO | 2017-10-24 11:53:55,404 |        app | page_not_found | From URL:/static/images/theme/pokeicon.png
INFO | 2017-10-24 11:53:55,406 |        app | page_not_found | From URL:/assets/img/backgrounds/1.jpg
INFO | 2017-10-24 18:16:58,472 |        app | page_not_found | From URL:/addpokemon
INFO | 2017-10-24 19:21:02,295 |        app | page_not_found | From URL:/static/images/theme/pokeicon.png
INFO | 2017-10-24 19:21:02,506 |        app | page_not_found | From URL:/assets/img/backgrounds/1.jpg
INFO | 2017-10-24 23:11:26,688 |        app | page_not_found | From URL:/signup
INFO | 2017-10-24 23:11:30,012 |        app | page_not_found | From URL:/static/images/theme/pokeicon.png
INFO | 2017-10-24 23:11:30,276 |        app | page_not_found | From URL:/assets/img/backgrounds/1.jpg
INFO | 2017-10-24 23:11:32,870 |        app | page_not_found | From URL:/signup
INFO | 2017-10-25 01:12:09,866 |        app | page_not_found | From URL:/signup
INFO | 2017-10-25 01:36:13,816 |        app | page_not_found | From URL:/static/images/theme/pokeicon.png
INFO | 2017-10-25 01:36:13,820 |        app | page_not_found | From URL:/assets/img/backgrounds/1.jpg
INFO | 2017-10-25 01:49:49,768 |        app | page_not_found | From URL:/static/images/theme/pokeicon.png
INFO | 2017-10-25 01:49:49,964 |        app | page_not_found | From URL:/assets/img/backgrounds/1.jpg
INFO | 2017-10-25 01:49:54,293 |        app | page_not_found | From URL:/static/images/theme/pokeicon.png
INFO | 2017-10-25 01:49:54,412 |        app | page_not_found | From URL:/assets/img/backgrounds/1.jpg
INFO | 2017-10-25 01:49:56,045 |        app | page_not_found | From URL:/static/images/theme/pokeicon.png
INFO | 2017-10-25 01:49:56,181 |        app | page_not_found | From URL:/assets/img/backgrounds/1.jpg
INFO | 2017-10-25 01:59:25,781 |        app | page_not_found | From URL:/static/images/theme/pokeicon.png
INFO | 2017-10-25 02:23:31,429 |        app | page_not_found | From URL:/dotted_bg.php
INFO | 2017-10-25 02:24:03,073 |        app | page_not_found | From URL:/dotted_bg.php
INFO | 2017-10-25 03:57:34,721 |        app | page_not_found | From URL:/favicon.ico
INFO | 2017-10-25 03:58:18,260 |        app | page_not_found | From URL:/signup
INFO | 2017-10-25 03:58:19,170 |        app | page_not_found | From URL:/favicon.ico
INFO | 2017-10-25 03:58:33,645 |        app | page_not_found | From URL:/favicon.ico
INFO | 2017-10-25 03:58:35,675 |        app | page_not_found | From URL:/static/images/theme/pokeicon.png
INFO | 2017-10-25 03:58:36,105 |        app | page_not_found | From URL:/assets/img/backgrounds/1.jpg
INFO | 2017-10-25 09:16:01,574 |        app | page_not_found | From URL:/favicon.ico
INFO | 2017-10-25 09:16:07,295 |        app | page_not_found | From URL:/favicon.ico
INFO | 2017-10-25 09:16:37,418 |        app | page_not_found | From URL:/favicon.ico
INFO | 2017-10-25 09:16:38,489 |        app | page_not_found | From URL:/assets/img/backgrounds/1.jpg
INFO | 2017-10-25 09:17:04,590 |        app | page_not_found | From URL:/assets/img/backgrounds/1.jpg
INFO | 2017-10-25 09:17:24,868 |        app | page_not_found | From URL:/assets/img/backgrounds/1.jpg
INFO | 2017-10-25 09:21:59,831 |        app | page_not_found | From URL:/assets/img/backgrounds/1.jpg
INFO | 2017-10-25 09:22:15,521 |        app | page_not_found | From URL:/assets/img/backgrounds/1.jpg
INFO | 2017-10-25 09:27:04,546 |        app | page_not_found | From URL:/assets/img/backgrounds/1.jpg
INFO | 2017-10-25 09:27:50,456 |        app | page_not_found | From URL:/assets/img/backgrounds/1.jpg
INFO | 2017-10-25 09:28:29,348 |        app | page_not_found | From URL:/favicon.ico
INFO | 2017-10-25 09:28:44,488 |        app | page_not_found | From URL:/logout
INFO | 2017-10-25 09:28:44,490 |        app | page_not_found | From URL:/favicon.ico
INFO | 2017-10-25 09:28:56,367 |        app | page_not_found | From URL:/favicon.ico
INFO | 2017-10-25 09:28:56,783 |        app | page_not_found | From URL:/logout
INFO | 2017-10-25 09:28:58,002 |        app | page_not_found | From URL:/favicon.ico
INFO | 2017-10-25 09:56:26,344 |        app | page_not_found | From URL:/logout
INFO | 2017-10-25 09:56:27,217 |        app | page_not_found | From URL:/favicon.ico
INFO | 2017-10-25 09:57:19,223 |        app | page_not_found | From URL:/logout
INFO | 2017-10-25 09:57:19,527 |        app | page_not_found | From URL:/logout
INFO | 2017-10-25 09:57:20,382 |        app | page_not_found | From URL:/favicon.ico
INFO | 2017-10-25 09:58:50,702 |        app | page_not_found | From URL:/logout
INFO | 2017-10-25 09:59:12,280 |        app | page_not_found | From URL:/static/images/theme/pokeicon.png
INFO | 2017-10-25 09:59:13,477 |        app | page_not_found | From URL:/assets/img/backgrounds/1.jpg
INFO | 2017-10-25 09:59:30,334 |        app | page_not_found | From URL:/assets/img/backgrounds/1.jpg
INFO | 2017-10-25 09:59:30,338 |        app | page_not_found | From URL:/static/images/theme/pokeicon.png
INFO | 2017-10-25 09:59:53,963 |        app | page_not_found | From URL:/assets/img/backgrounds/1.jpg
INFO | 2017-10-25 09:59:53,966 |        app | page_not_found | From URL:/static/images/theme/pokeicon.png
INFO | 2017-10-25 10:00:08,294 |        app | page_not_found | From URL:/static/images/theme/pokeicon.png
INFO | 2017-10-25 10:00:08,958 |        app | page_not_found | From URL:/assets/img/backgrounds/1.jpg
INFO | 2017-10-25 10:00:29,679 |        app | page_not_found | From URL:/favicon.ico
INFO | 2017-10-25 10:00:54,683 |        app | page_not_found | From URL:/favicon.ico
INFO | 2017-10-25 10:00:56,549 |        app | page_not_found | From URL:/logout
INFO | 2017-10-25 10:00:57,804 |        app | page_not_found | From URL:/favicon.ico
INFO | 2017-10-25 10:03:05,460 |        app | page_not_found | From URL:/favicon.ico
INFO | 2017-10-25 10:03:06,354 |        app | page_not_found | From URL:/static/images/theme/pokeicon.png
INFO | 2017-10-25 10:03:06,650 |        app | page_not_found | From URL:/assets/img/backgrounds/1.jpg
INFO | 2017-10-25 10:03:33,520 |        app | page_not_found | From URL:/static/images/theme/pokeicon.png
INFO | 2017-10-25 10:03:34,224 |        app | page_not_found | From URL:/assets/img/backgrounds/1.jpg
INFO | 2017-10-25 10:05:50,870 |        app | page_not_found | From URL:/static/images/theme/pokeicon.png
INFO | 2017-10-25 10:05:51,350 |        app | page_not_found | From URL:/assets/img/backgrounds/1.jpg
INFO | 2017-10-25 10:06:03,800 |        app | page_not_found | From URL:/favicon.ico
INFO | 2017-10-25 10:06:09,756 |        app | page_not_found | From URL:/favicon.ico
INFO | 2017-10-25 10:06:14,759 |        app | page_not_found | From URL:/static/images/theme/pokeicon.png
INFO | 2017-10-25 10:06:15,024 |        app | page_not_found | From URL:/assets/img/backgrounds/1.jpg
INFO | 2017-10-25 10:06:24,950 |        app | page_not_found | From URL:/static/images/theme/pokeicon.png
INFO | 2017-10-25 10:06:25,694 |        app | page_not_found | From URL:/assets/img/backgrounds/1.jpg
INFO | 2017-10-25 10:06:50,676 |        app | page_not_found | From URL:/static/images/theme/pokeicon.png
INFO | 2017-10-25 10:06:51,406 |        app | page_not_found | From URL:/assets/img/backgrounds/1.jpg
INFO | 2017-10-25 10:09:57,349 |        app | page_not_found | From URL:/static/images/theme/pokeicon.png
INFO | 2017-10-25 10:10:23,381 |        app | page_not_found | From URL:/assets/img/backgrounds/1.jpg
INFO | 2017-10-25 10:10:25,662 |        app | page_not_found | From URL:/favicon.ico
INFO | 2017-10-25 10:10:30,706 |        app | page_not_found | From URL:/assets/img/backgrounds/1.jpg
INFO | 2017-10-25 10:10:30,707 |        app | page_not_found | From URL:/static/images/theme/pokeicon.png
INFO | 2017-10-25 10:10:45,180 |        app | page_not_found | From URL:/favicon.ico
INFO | 2017-10-25 10:22:30,439 |        app | page_not_found | From URL:/static/images/theme/pokeicon.png
INFO | 2017-10-25 10:22:30,721 |        app | page_not_found | From URL:/assets/img/backgrounds/1.jpg
INFO | 2017-10-25 10:22:34,938 |        app | page_not_found | From URL:/assets/img/backgrounds/1.jpg
INFO | 2017-10-25 10:29:31,082 |        app | page_not_found | From URL:/static/images/theme/pokeicon.png
INFO | 2017-10-25 10:29:31,086 |        app | page_not_found | From URL:/assets/img/backgrounds/1.jpg
INFO | 2017-10-25 10:29:36,890 |        app | page_not_found | From URL:/assets/img/backgrounds/1.jpg
INFO | 2017-10-25 10:29:38,662 |        app | page_not_found | From URL:/static/images/theme/pokeicon.png
INFO | 2017-10-25 10:29:38,774 |        app | page_not_found | From URL:/assets/img/backgrounds/1.jpg
INFO | 2017-10-25 10:30:19,493 |        app | page_not_found | From URL:/static/images/theme/pokeicon.png
INFO | 2017-10-25 10:31:38,778 |        app | page_not_found | From URL:/static/images/theme/pokeicon.png
INFO | 2017-10-25 10:31:39,017 |        app | page_not_found | From URL:/assets/img/backgrounds/1.jpg
INFO | 2017-10-25 11:19:18,444 |        app | page_not_found | From URL:/static/images/theme/pokeicon.png
INFO | 2017-10-25 11:19:18,728 |        app | page_not_found | From URL:/assets/img/backgrounds/1.jpg
INFO | 2017-10-25 11:27:45,685 |        app | page_not_found | From URL:/static/images/theme/pokeicon.png
INFO | 2017-10-25 11:27:45,840 |        app | page_not_found | From URL:/assets/img/backgrounds/1.jpg
INFO | 2017-10-25 11:32:56,973 |        app | page_not_found | From URL:/new_game
INFO | 2017-10-25 11:33:10,250 |        app | page_not_found | From URL:/static/images/theme/pokeicon.png
INFO | 2017-10-25 11:33:10,253 |        app | page_not_found | From URL:/assets/img/backgrounds/1.jpg
INFO | 2017-10-25 11:50:24,993 |        app | page_not_found | From URL:/static/static/images/theme/sign-back.jpg
INFO | 2017-10-25 12:15:55,613 |        app | page_not_found | From URL:/static/images/theme/pokeicon.png
INFO | 2017-10-25 12:15:56,512 |        app | page_not_found | From URL:/assets/img/backgrounds/1.jpg
INFO | 2017-10-25 12:17:15,326 |        app | page_not_found | From URL:/static/images/theme/pokeicon.png
INFO | 2017-10-25 12:17:15,587 |        app | page_not_found | From URL:/assets/img/backgrounds/1.jpg
INFO | 2017-10-25 22:58:07,443 |        app | page_not_found | From URL:/static/images/theme/pokeicon.png
INFO | 2017-10-25 22:58:07,653 |        app | page_not_found | From URL:/assets/img/backgrounds/1.jpg
INFO | 2017-10-25 22:58:13,003 |        app | page_not_found | From URL:/static/images/theme/pokeicon.png
INFO | 2017-10-25 22:58:13,083 |        app | page_not_found | From URL:/assets/img/backgrounds/1.jpg
INFO | 2017-10-26 08:36:23,859 |        app | page_not_found | From URL:/static/images/theme/pokeicon.png
INFO | 2017-10-26 08:36:24,063 |        app | page_not_found | From URL:/assets/img/backgrounds/1.jpg
INFO | 2017-10-27 09:48:33,105 |        app | page_not_found | From URL:/static/images/theme/pokeicon.png
INFO | 2017-10-27 09:48:33,290 |        app | page_not_found | From URL:/assets/img/backgrounds/1.jpg
INFO | 2017-10-27 09:48:39,033 |        app | page_not_found | From URL:/static/images/theme/pokeicon.png
INFO | 2017-10-27 09:48:39,107 |        app | page_not_found | From URL:/assets/img/backgrounds/1.jpg
INFO | 2017-10-27 09:48:40,861 |        app | page_not_found | From URL:/static/images/theme/pokeicon.png
INFO | 2017-10-27 09:48:40,929 |        app | page_not_found | From URL:/assets/img/backgrounds/1.jpg
INFO | 2017-10-27 10:37:51,109 |        app | page_not_found | From URL:/static/images/theme/pokeicon.png
INFO | 2017-10-27 10:37:51,115 |        app | page_not_found | From URL:/assets/img/backgrounds/1.jpg
INFO | 2017-10-27 10:37:53,509 |        app | page_not_found | From URL:/static/images/theme/pokeicon.png
INFO | 2017-10-27 10:37:53,570 |        app | page_not_found | From URL:/assets/img/backgrounds/1.jpg
INFO | 2017-10-27 10:37:54,649 |        app | page_not_found | From URL:/static/images/theme/pokeicon.png
INFO | 2017-10-27 10:37:54,734 |        app | page_not_found | From URL:/assets/img/backgrounds/1.jpg
INFO | 2017-10-27 11:05:34,794 |        app | page_not_found | From URL:/static/images/theme/pokeicon.png
INFO | 2017-10-27 11:05:34,823 |        app | page_not_found | From URL:/assets/img/backgrounds/1.jpg
INFO | 2017-10-27 12:40:47,600 |        app | page_not_found | From URL:/js/index.js
INFO | 2017-10-27 12:42:14,492 |        app | page_not_found | From URL:/js/index.js
INFO | 2017-10-27 12:55:42,774 |        app | page_not_found | From URL:/js/index.js
INFO | 2017-10-27 13:04:42,855 |        app | page_not_found | From URL:/js/navindex.js
INFO | 2017-10-27 13:05:20,022 |        app | page_not_found | From URL:/js/navindex.js
INFO | 2017-10-27 13:08:09,132 |        app | page_not_found | From URL:/js/navindex.js
INFO | 2017-10-27 13:10:23,022 |        app | page_not_found | From URL:/js/navindex.js
INFO | 2017-10-27 13:10:53,832 |        app | page_not_found | From URL:/js/navindex.js
INFO | 2017-10-27 13:11:02,014 |        app | page_not_found | From URL:/js/navindex.js
INFO | 2017-10-27 13:11:02,294 |        app | page_not_found | From URL:/static/images/theme/pokeicon.png
INFO | 2017-10-27 13:11:02,298 |        app | page_not_found | From URL:/assets/img/backgrounds/1.jpg
INFO | 2017-10-27 14:49:18,869 |        app | page_not_found | From URL:/js/navindex.js
INFO | 2017-10-27 14:50:08,722 |        app | page_not_found | From URL:/js/navindex.js
INFO | 2017-10-27 14:50:08,873 |        app | page_not_found | From URL:/js/js/navindex.js
INFO | 2017-10-27 16:44:20,078 |        app | page_not_found | From URL:/favicon.ico
INFO | 2017-10-27 16:45:37,678 |        app | page_not_found | From URL:/favicon.ico
INFO | 2017-10-27 16:51:22,959 |        app | page_not_found | From URL:/favicon.ico
INFO | 2017-10-27 16:52:16,880 |        app | page_not_found | From URL:/static/images/theme/pokeicon.png
INFO | 2017-10-27 16:52:16,948 |        app | page_not_found | From URL:/assets/img/backgrounds/1.jpg
INFO | 2017-10-27 16:52:27,280 |        app | page_not_found | From URL:/static/images/theme/pokeicon.png
INFO | 2017-10-27 16:52:27,443 |        app | page_not_found | From URL:/assets/img/backgrounds/1.jpg
INFO | 2017-10-27 16:52:37,346 |        app | page_not_found | From URL:/static/images/theme/pokeicon.png
INFO | 2017-10-27 16:52:37,462 |        app | page_not_found | From URL:/assets/img/backgrounds/1.jpg
INFO | 2017-10-27 16:52:45,980 |        app | page_not_found | From URL:/static/images/theme/pokeicon.png
INFO | 2017-10-27 16:52:46,834 |        app | page_not_found | From URL:/assets/img/backgrounds/1.jpg
INFO | 2017-10-27 16:53:24,334 |        app | page_not_found | From URL:/static/images/theme/pokeicon.png
INFO | 2017-10-27 16:53:24,438 |        app | page_not_found | From URL:/assets/img/backgrounds/1.jpg
INFO | 2017-10-27 16:53:25,549 |        app | page_not_found | From URL:/static/images/theme/pokeicon.png
INFO | 2017-10-27 16:53:25,819 |        app | page_not_found | From URL:/assets/img/backgrounds/1.jpg
INFO | 2017-10-27 16:55:16,233 |        app | page_not_found | From URL:/static/images/theme/pokeicon.png
INFO | 2017-10-27 16:55:16,558 |        app | page_not_found | From URL:/assets/img/backgrounds/1.jpg
INFO | 2017-10-27 16:56:05,138 |        app | page_not_found | From URL:/favicon.ico
INFO | 2017-10-27 16:56:14,128 |        app | page_not_found | From URL:/static/images/theme/pokeicon.png
INFO | 2017-10-27 16:56:15,099 |        app | page_not_found | From URL:/assets/img/backgrounds/1.jpg
INFO | 2017-10-27 18:26:14,277 |        app | page_not_found | From URL:/favicon.ico
INFO | 2017-10-27 18:26:17,927 |        app | page_not_found | From URL:/assets/img/backgrounds/1.jpg
INFO | 2017-10-27 18:26:27,667 |        app | page_not_found | From URL:/static/images/theme/pokeicon.png
INFO | 2017-10-27 18:26:40,177 |        app | page_not_found | From URL:/static/images/theme/pokeicon.png
INFO | 2017-10-27 18:26:40,547 |        app | page_not_found | From URL:/assets/img/backgrounds/1.jpg
INFO | 2017-10-27 18:26:51,738 |        app | page_not_found | From URL:/favicon.ico
INFO | 2017-10-27 18:30:24,242 |        app | page_not_found | From URL:/new_game
INFO | 2017-10-27 18:31:47,254 |        app | page_not_found | From URL:/static/images/theme/pokeicon.png
INFO | 2017-10-27 18:31:47,718 |        app | page_not_found | From URL:/assets/img/backgrounds/1.jpg
INFO | 2017-10-27 20:01:56,847 |        app | page_not_found | From URL:/favicon.ico
INFO | 2017-10-27 20:09:58,364 |        app | page_not_found | From URL:/favicon.ico
INFO | 2017-10-27 20:10:05,953 |        app | page_not_found | From URL:/favicon.ico
INFO | 2017-10-27 20:10:09,942 |        app | page_not_found | From URL:/favicon.ico
INFO | 2017-10-27 20:10:27,747 |        app | page_not_found | From URL:/favicon.ico
INFO | 2017-10-27 20:10:38,493 |        app | page_not_found | From URL:/static/images/theme/pokeicon.png
INFO | 2017-10-27 20:10:39,092 |        app | page_not_found | From URL:/assets/img/backgrounds/1.jpg
INFO | 2017-10-27 20:10:55,107 |        app | page_not_found | From URL:/favicon.ico
INFO | 2017-10-27 20:10:59,853 |        app | page_not_found | From URL:/favicon.ico
INFO | 2017-10-27 20:11:13,168 |        app | page_not_found | From URL:/static/images/theme/pokeicon.png
INFO | 2017-10-27 20:11:13,558 |        app | page_not_found | From URL:/assets/img/backgrounds/1.jpg
INFO | 2017-10-27 20:14:11,123 |        app | page_not_found | From URL:/static/images/theme/pokeicon.png
INFO | 2017-10-27 20:14:11,703 |        app | page_not_found | From URL:/assets/img/backgrounds/1.jpg
INFO | 2017-10-27 20:14:30,024 |        app | page_not_found | From URL:/favicon.ico
INFO | 2017-10-28 05:47:12,355 |        app | page_not_found | From URL:/favicon.ico
INFO | 2017-10-28 05:49:13,325 |        app | page_not_found | From URL:/favicon.ico
INFO | 2017-10-28 05:50:43,128 |        app | page_not_found | From URL:/favicon.ico
INFO | 2017-10-28 05:51:37,295 |        app | page_not_found | From URL:/favicon.ico
INFO | 2017-10-28 05:51:38,273 |        app | page_not_found | From URL:/static/images/theme/pokeicon.png
INFO | 2017-10-28 05:51:38,399 |        app | page_not_found | From URL:/assets/img/backgrounds/1.jpg
INFO | 2017-10-28 05:51:51,939 |        app | page_not_found | From URL:/favicon.ico
INFO | 2017-10-28 05:52:18,285 |        app | page_not_found | From URL:/favicon.ico
INFO | 2017-10-28 05:52:20,635 |        app | page_not_found | From URL:/favicon.ico
INFO | 2017-10-28 09:02:12,032 |        app | page_not_found | From URL:/static/images/theme/pokeicon.png
INFO | 2017-10-28 09:02:12,252 |        app | page_not_found | From URL:/assets/img/backgrounds/1.jpg
INFO | 2017-10-28 09:25:01,660 |        app | page_not_found | From URL:/static/images/theme/pokeicon.png
INFO | 2017-10-28 09:25:01,704 |        app | page_not_found | From URL:/assets/img/backgrounds/1.jpg
INFO | 2017-10-28 09:25:41,420 |        app | page_not_found | From URL:/static/images/theme/pokeicon.png
INFO | 2017-10-28 09:25:41,556 |        app | page_not_found | From URL:/assets/img/backgrounds/1.jpg
INFO | 2017-10-28 09:27:20,055 |        app | page_not_found | From URL:/static/images/theme/pokeicon.png
INFO | 2017-10-28 09:27:20,367 |        app | page_not_found | From URL:/assets/img/backgrounds/1.jpg
INFO | 2017-10-28 14:35:57,976 |        app | page_not_found | From URL:/static/images/theme/pokeicon.png
INFO | 2017-10-28 14:35:57,981 |        app | page_not_found | From URL:/assets/img/backgrounds/1.jpg
INFO | 2017-10-28 14:38:04,397 |        app | page_not_found | From URL:/static/images/theme/pokeicon.png
INFO | 2017-10-28 14:38:04,620 |        app | page_not_found | From URL:/assets/img/backgrounds/1.jpg
INFO | 2017-10-28 16:00:56,571 |        app | page_not_found | From URL:/static/images/theme/pokeicon.png
INFO | 2017-10-28 16:00:56,771 |        app | page_not_found | From URL:/assets/img/backgrounds/1.jpg
INFO | 2017-10-28 16:02:53,116 |        app | page_not_found | From URL:/static/images/theme/pokeicon.png
INFO | 2017-10-28 16:02:53,222 |        app | page_not_found | From URL:/assets/img/backgrounds/1.jpg
INFO | 2017-10-28 16:04:42,463 |        app | page_not_found | From URL:/static/images/theme/pokeicon.png
INFO | 2017-10-28 16:04:42,576 |        app | page_not_found | From URL:/assets/img/backgrounds/1.jpg
INFO | 2017-10-28 16:05:19,902 |        app | page_not_found | From URL:/static/images/theme/pokeicon.png
INFO | 2017-10-28 16:05:20,040 |        app | page_not_found | From URL:/assets/img/backgrounds/1.jpg
INFO | 2017-10-28 16:44:19,319 |        app | page_not_found | From URL:/static/images/theme/pokeicon.png
INFO | 2017-10-28 16:44:19,496 |        app | page_not_found | From URL:/assets/img/backgrounds/1.jpg
INFO | 2017-10-28 16:54:19,046 |        app | page_not_found | From URL:/static/images/theme/pokeicon.png
INFO | 2017-10-28 16:54:19,380 |        app | page_not_found | From URL:/assets/img/backgrounds/1.jpg
INFO | 2017-10-28 16:56:08,831 |        app | page_not_found | From URL:/static/images/theme/pokeicon.png
INFO | 2017-10-28 16:56:08,942 |        app | page_not_found | From URL:/assets/img/backgrounds/1.jpg
INFO | 2017-10-28 18:56:04,234 |        app | page_not_found | From URL:/favicon.ico
INFO | 2017-10-28 18:59:17,735 |        app | page_not_found | From URL:/static/images/theme/pokeicon.png
INFO | 2017-10-28 18:59:18,151 |        app | page_not_found | From URL:/assets/img/backgrounds/1.jpg
INFO | 2017-10-28 18:59:31,760 |        app | page_not_found | From URL:/static/images/theme/pokeicon.png
INFO | 2017-10-28 18:59:32,324 |        app | page_not_found | From URL:/assets/img/backgrounds/1.jpg
INFO | 2017-10-28 19:00:01,365 |        app | page_not_found | From URL:/static/images/theme/pokeicon.png
INFO | 2017-10-28 19:00:02,646 |        app | page_not_found | From URL:/assets/img/backgrounds/1.jpg
INFO | 2017-10-28 19:00:08,994 |        app | page_not_found | From URL:/static/images/theme/pokeicon.png
INFO | 2017-10-28 19:00:09,045 |        app | page_not_found | From URL:/assets/img/backgrounds/1.jpg
INFO | 2017-10-28 19:55:09,118 |        app | page_not_found | From URL:/static/css/custom.css
INFO | 2017-10-28 19:55:09,182 |        app | page_not_found | From URL:/static/js/custom.js
INFO | 2017-10-28 19:55:09,763 |        app | page_not_found | From URL:/static/css/custom.css
INFO | 2017-10-28 19:55:10,678 |        app | page_not_found | From URL:/static/css/custom.css
INFO | 2017-10-28 19:55:38,139 |        app | page_not_found | From URL:/static/css/custom.css
INFO | 2017-10-28 19:55:38,584 |        app | page_not_found | From URL:/static/js/custom.js
INFO | 2017-10-28 19:55:47,882 |        app | page_not_found | From URL:/static/css/custom.css
INFO | 2017-10-28 19:56:04,537 |        app | page_not_found | From URL:/static/css/custom.css
INFO | 2017-10-28 19:56:09,639 |        app | page_not_found | From URL:/favicon.ico
INFO | 2017-10-28 20:05:27,474 |        app | page_not_found | From URL:/favicon.ico
INFO | 2017-10-28 20:08:16,099 |        app | page_not_found | From URL:/favicon.ico
INFO | 2017-10-28 20:10:36,841 |        app | page_not_found | From URL:/favicon.ico
INFO | 2017-10-28 20:10:41,213 |        app | page_not_found | From URL:/favicon.ico
INFO | 2017-10-28 20:10:41,694 |        app | page_not_found | From URL:/favicon.ico
INFO | 2017-10-28 20:10:46,100 |        app | page_not_found | From URL:/favicon.ico
INFO | 2017-10-28 20:10:55,849 |        app | page_not_found | From URL:/favicon.ico
INFO | 2017-10-28 20:11:01,694 |        app | page_not_found | From URL:/favicon.ico
INFO | 2017-10-28 20:11:12,884 |        app | page_not_found | From URL:/favicon.ico
INFO | 2017-10-28 20:14:19,640 |        app | page_not_found | From URL:/favicon.ico
INFO | 2017-10-28 20:14:29,280 |        app | page_not_found | From URL:/favicon.ico
INFO | 2017-10-28 20:27:09,807 |        app | page_not_found | From URL:/favicon.ico
INFO | 2017-10-28 20:28:19,412 |        app | page_not_found | From URL:/favicon.ico
INFO | 2017-10-28 20:52:03,696 |        app | page_not_found | From URL:/favicon.ico
INFO | 2017-10-28 20:52:50,664 |        app | page_not_found | From URL:/favicon.ico
INFO | 2017-10-28 20:52:54,032 |        app | page_not_found | From URL:/favicon.ico
INFO | 2017-10-28 20:58:23,236 |        app | page_not_found | From URL:/favicon.ico
INFO | 2017-10-28 21:07:51,006 |        app | page_not_found | From URL:/favicon.ico
INFO | 2017-10-28 21:08:27,554 |        app | page_not_found | From URL:/favicon.ico
INFO | 2017-10-28 21:13:40,427 |        app | page_not_found | From URL:/favicon.ico
INFO | 2017-10-29 03:44:22,430 |        app | page_not_found | From URL:/favicon.ico
INFO | 2017-10-29 03:45:29,831 |        app | page_not_found | From URL:/favicon.ico
INFO | 2017-10-29 03:45:41,640 |        app | page_not_found | From URL:/favicon.ico
INFO | 2017-10-29 03:48:49,379 |        app | page_not_found | From URL:/favicon.ico
INFO | 2017-10-29 04:02:35,389 |        app | page_not_found | From URL:/favicon.ico
INFO | 2017-10-29 04:08:41,183 |        app | page_not_found | From URL:/favicon.ico
INFO | 2017-10-29 04:17:02,936 |        app | page_not_found | From URL:/favicon.ico
INFO | 2017-10-29 04:18:35,602 |        app | page_not_found | From URL:/static/images/collection/ms.jpg
INFO | 2017-10-29 04:18:35,604 |        app | page_not_found | From URL:/static/images/collection/test2.jpg
INFO | 2017-10-29 04:18:36,470 |        app | page_not_found | From URL:/favicon.ico
INFO | 2017-10-29 04:26:00,229 |        app | page_not_found | From URL:/static/images/collection/test2.jpg
INFO | 2017-10-29 04:26:00,232 |        app | page_not_found | From URL:/static/images/collection/ms.jpg
INFO | 2017-10-29 04:33:07,916 |        app | page_not_found | From URL:/favicon.ico
INFO | 2017-10-29 04:33:25,235 |        app | page_not_found | From URL:/favicon.ico
INFO | 2017-10-29 07:05:41,741 |        app | page_not_found | From URL:/favicon.ico
INFO | 2017-10-29 07:17:05,147 |        app | page_not_found | From URL:/favicon.ico
INFO | 2017-10-29 07:17:21,961 |        app | page_not_found | From URL:/favicon.ico
INFO | 2017-10-29 07:17:25,357 |        app | page_not_found | From URL:/favicon.ico
INFO | 2017-10-29 07:18:05,783 |        app | page_not_found | From URL:/favicon.ico
INFO | 2017-10-29 07:18:17,530 |        app | page_not_found | From URL:/favicon.ico
INFO | 2017-10-29 07:18:35,273 |        app | page_not_found | From URL:/favicon.ico
INFO | 2017-10-29 07:19:52,826 |        app | page_not_found | From URL:/favicon.ico
INFO | 2017-10-29 12:53:55,248 |        app | page_not_found | From URL:/favicon.ico
INFO | 2017-10-29 13:03:59,046 |        app | page_not_found | From URL:/favicon.ico
INFO | 2017-10-29 21:16:54,753 |        app | page_not_found | From URL:/static/images/theme/mudkip.png
INFO | 2017-10-30 04:31:21,003 |        app | page_not_found | From URL:/
INFO | 2017-10-30 04:31:25,638 |        app | page_not_found | From URL:/favicon.ico
INFO | 2017-10-30 04:31:34,149 |        app | page_not_found | From URL:/
INFO | 2017-10-30 04:31:34,918 |        app | page_not_found | From URL:/favicon.ico
INFO | 2017-10-30 04:31:53,881 |        app | page_not_found | From URL:/
INFO | 2017-10-30 04:31:53,883 |        app | page_not_found | From URL:/
INFO | 2017-10-30 04:31:55,130 |        app | page_not_found | From URL:/favicon.ico
INFO | 2017-10-30 04:34:49,540 |        app | page_not_found | From URL:/new_game
INFO | 2017-10-30 04:34:51,223 |        app | page_not_found | From URL:/favicon.ico
INFO | 2017-10-30 04:36:01,714 |        app | page_not_found | From URL:/favicon.ico
INFO | 2017-10-30 04:51:07,646 |        app | page_not_found | From URL:/favicon.ico
INFO | 2017-10-30 04:56:17,669 |        app | page_not_found | From URL:/favicon.ico
INFO | 2017-10-30 04:57:33,585 |        app | page_not_found | From URL:/static/images/collection/
INFO | 2017-10-30 04:57:52,995 |        app | page_not_found | From URL:/favicon.ico
INFO | 2017-10-30 04:57:54,616 |        app | page_not_found | From URL:/favicon.ico
INFO | 2017-10-30 04:58:10,692 |        app | page_not_found | From URL:/favicon.ico
INFO | 2017-10-30 04:58:15,429 |        app | page_not_found | From URL:/favicon.ico
INFO | 2017-10-30 04:58:21,324 |        app | page_not_found | From URL:/static/images/collection/
INFO | 2017-10-30 04:58:21,995 |        app | page_not_found | From URL:/favicon.ico
INFO | 2017-10-30 04:58:35,499 |        app | page_not_found | From URL:/static/images/collection/
INFO | 2017-10-30 04:58:36,271 |        app | page_not_found | From URL:/favicon.ico
INFO | 2017-10-30 05:00:01,839 |        app | page_not_found | From URL:/static/images/collection/
INFO | 2017-10-30 05:00:03,126 |        app | page_not_found | From URL:/favicon.ico
INFO | 2017-10-30 05:01:05,635 |        app | page_not_found | From URL:/static/images/collection/
INFO | 2017-10-30 05:01:06,819 |        app | page_not_found | From URL:/favicon.ico
